<?xml version="1.0" encoding="UTF-8"?>
<!-- Generated by org.testng.reporters.JUnitXMLReporter -->
<testsuite ignored="1" hostname="DESKTOP-ADSAJKA" failures="0" tests="15" name="BookTests" time="0.458" errors="0" timestamp="2024-11-18T07:50:46 PKT">
  <testcase classname="test.BookTest" name="testGetBookId" time="0.096"/>
  <testcase classname="test.BookTest" name="testGetBookId" time="0.002"/>
  <testcase classname="test.BookTest" name="testGetBookId" time="0.029"/>
  <testcase classname="test.BookTest" name="testGetTitle" time="0.004"/>
  <testcase classname="test.BookTest" name="testGetTitle" time="0.002"/>
  <testcase classname="test.BookTest" name="testGetTitle" time="0.002"/>
  <testcase classname="test.BookTest" name="testGetAuthor" time="0.003"/>
  <testcase classname="test.BookTest" name="testGetAuthor" time="0.007"/>
  <testcase classname="test.BookTest" name="testGetAuthor" time="0.002"/>
  <testcase classname="test.BookTest" name="testIsAvailable" time="0.012"/>
  <testcase classname="test.BookTest" name="testIsAvailable" time="0.011"/>
  <testcase classname="test.BookTest" name="testIsAvailable" time="0.003"/>
  <testcase classname="test.BookTest" name="testSetAvailable" time="0.006"/>
  <testcase classname="test.BookTest" name="testSetAvailable" time="0.001"/>
  <testcase classname="test.BookTest" name="testSetAvailable" time="0.003"/>
  <testcase classname="test.BookTestExcel" name="testAddNewBook" time="0.0">
    <ignored/>
  </testcase> <!-- testAddNewBook -->
</testsuite> <!-- BookTests -->
