<?xml version="1.0" encoding="UTF-8"?>
<!-- Generated by org.testng.reporters.JUnitXMLReporter -->
<testsuite ignored="0" hostname="DESKTOP-ADSAJKA" failures="0" tests="5" name="LibraryTestExcel" time="2.76" errors="0" timestamp="2024-11-18T08:49:07 PKT">
  <testcase classname="test.LibraryTestExcel" name="testAddBookAndMember" time="0.028"/>
  <testcase classname="test.LibraryTestExcel" name="testAddBookAndMember" time="0.002"/>
  <testcase classname="test.LibraryTestExcel" name="testAddBookAndMember" time="0.002"/>
  <testcase classname="test.LibraryTestExcel" name="testAddBookAndMember" time="0.002"/>
  <testcase classname="test.LibraryTestExcel" name="testAddBookAndMember" time="0.001"/>
</testsuite> <!-- LibraryTestExcel -->
