<?xml version="1.0" encoding="UTF-8"?>
<!-- Generated by org.testng.reporters.JUnitXMLReporter -->
<testsuite ignored="0" hostname="DESKTOP-ADSAJKA" failures="0" tests="14" name="LibraryTests" time="0.431" errors="0" timestamp="2024-11-18T08:49:05 PKT">
  <testcase classname="test.LibraryTest" name="testAddBook" time="0.054"/>
  <testcase classname="test.LibraryTest" name="testAddBook" time="0.003"/>
  <testcase classname="test.LibraryTest" name="testAddBook" time="0.004"/>
  <testcase classname="test.LibraryTest" name="testAddMember" time="0.007"/>
  <testcase classname="test.LibraryTest" name="testAddMember" time="0.007"/>
  <testcase classname="test.LibraryTest" name="testAddMember" time="0.002"/>
  <testcase classname="test.LibraryTest" name="testListBooks" time="0.035"/>
  <testcase classname="test.LibraryTest" name="testListBooks" time="0.002"/>
  <testcase classname="test.LibraryTest" name="testListMembers" time="0.016"/>
  <testcase classname="test.LibraryTest" name="testListMembers" time="0.003"/>
  <testcase classname="test.LibraryTest" name="testIsBookAvailable" time="0.014"/>
  <testcase classname="test.LibraryTest" name="testIsBookAvailable" time="0.002"/>
  <testcase classname="test.LibraryTest" name="testIsBookAvailable" time="0.015"/>
  <testcase classname="test.LibraryTest" name="testIsBookAvailable" time="0.004"/>
</testsuite> <!-- LibraryTests -->
