<?xml version="1.0" encoding="UTF-8"?>
<!-- Generated by org.testng.reporters.JUnitXMLReporter -->
<testsuite ignored="0" hostname="DESKTOP-ADSAJKA" failures="0" tests="9" name="LibraryManagementSystemTests" time="0.387" errors="0" timestamp="2024-11-18T08:49:05 PKT">
  <testcase classname="test.LibraryManagementSystemTest" name="testAddNewBook" time="0.071"/>
  <testcase classname="test.LibraryManagementSystemTest" name="testAddNewBook" time="0.026"/>
  <testcase classname="test.LibraryManagementSystemTest" name="testAddNewBook" time="0.004"/>
  <testcase classname="test.LibraryManagementSystemTest" name="testAddNewMember" time="0.076"/>
  <testcase classname="test.LibraryManagementSystemTest" name="testAddNewMember" time="0.009"/>
  <testcase classname="test.LibraryManagementSystemTest" name="testAddNewMember" time="0.006"/>
  <testcase classname="test.LibraryManagementSystemTest" name="testCheckBookAvailability" time="0.006"/>
  <testcase classname="test.LibraryManagementSystemTest" name="testCheckBookAvailability" time="0.001"/>
  <testcase classname="test.LibraryManagementSystemTest" name="testCheckBookAvailability" time="0.016"/>
</testsuite> <!-- LibraryManagementSystemTests -->
