<?xml version="1.0" encoding="UTF-8"?>
<!-- Generated by org.testng.reporters.JUnitXMLReporter -->
<testsuite ignored="20" hostname="DESKTOP-ADSAJKA" failures="0" tests="0" time="0.02" errors="0" timestamp="2024-11-18T07:45:01 PKT">
  <testcase classname="test.MemberTest" name="testGetDetails" time="0.0">
    <ignored/>
  </testcase> <!-- testGetDetails -->
  <testcase classname="test.BookTest" name="testGetAuthor" time="0.0">
    <ignored/>
  </testcase> <!-- testGetAuthor -->
  <testcase classname="test.MemberTest" name="testGetMemberId" time="0.0">
    <ignored/>
  </testcase> <!-- testGetMemberId -->
  <testcase classname="test.LibraryTest" name="testIsBookAvailable" time="0.0">
    <ignored/>
  </testcase> <!-- testIsBookAvailable -->
  <testcase classname="test.LibraryTest" name="testListMembers" time="0.0">
    <ignored/>
  </testcase> <!-- testListMembers -->
  <testcase classname="test.LibraryTestExcel" name="testAddBookAndMember" time="0.0">
    <ignored/>
  </testcase> <!-- testAddBookAndMember -->
  <testcase classname="test.BookTest" name="testGetBookId" time="0.0">
    <ignored/>
  </testcase> <!-- testGetBookId -->
  <testcase classname="test.LibraryManagementSystemTest" name="testAddNewBook" time="0.0">
    <ignored/>
  </testcase> <!-- testAddNewBook -->
  <testcase classname="test.MemberTest" name="testBorrowBook" time="0.0">
    <ignored/>
  </testcase> <!-- testBorrowBook -->
  <testcase classname="test.BookTest" name="testSetAvailable" time="0.0">
    <ignored/>
  </testcase> <!-- testSetAvailable -->
  <testcase classname="test.BookTest" name="testIsAvailable" time="0.0">
    <ignored/>
  </testcase> <!-- testIsAvailable -->
  <testcase classname="test.LibraryTest" name="testListBooks" time="0.0">
    <ignored/>
  </testcase> <!-- testListBooks -->
  <testcase classname="test.LibraryManagementSystemTest" name="testCheckBookAvailability" time="0.0">
    <ignored/>
  </testcase> <!-- testCheckBookAvailability -->
  <testcase classname="test.LibraryTest" name="testAddMember" time="0.0">
    <ignored/>
  </testcase> <!-- testAddMember -->
  <testcase classname="test.MemberTest" name="testGetName" time="0.0">
    <ignored/>
  </testcase> <!-- testGetName -->
  <testcase classname="test.LibraryTest" name="testAddBook" time="0.0">
    <ignored/>
  </testcase> <!-- testAddBook -->
  <testcase classname="test.BookTestExcel" name="testAddNewBook" time="0.0">
    <ignored/>
  </testcase> <!-- testAddNewBook -->
  <testcase classname="test.BookTest" name="testGetTitle" time="0.0">
    <ignored/>
  </testcase> <!-- testGetTitle -->
  <testcase classname="test.LibraryManagementSystemTest" name="testAddNewMember" time="0.0">
    <ignored/>
  </testcase> <!-- testAddNewMember -->
  <testcase classname="test.MemberTest" name="testReturnBook" time="0.0">
    <ignored/>
  </testcase> <!-- testReturnBook -->
</testsuite>
