<?xml version="1.0" encoding="UTF-8"?>
<!-- Generated by org.testng.reporters.JUnitXMLReporter -->
<testsuite ignored="0" hostname="DESKTOP-ADSAJKA" failures="0" tests="5" name="Default test" time="2.563" errors="0" timestamp="2024-11-15T00:28:56 PKT">
  <testcase classname="test.LibraryTestExcel" name="testAddBookAndMember" time="0.04"/>
  <testcase classname="test.LibraryTestExcel" name="testAddBookAndMember" time="0.006"/>
  <testcase classname="test.LibraryTestExcel" name="testAddBookAndMember" time="0.007"/>
  <testcase classname="test.LibraryTestExcel" name="testAddBookAndMember" time="0.008"/>
  <testcase classname="test.LibraryTestExcel" name="testAddBookAndMember" time="0.014"/>
</testsuite> <!-- Default test -->
