<?xml version="1.0" encoding="UTF-8"?>
<!-- Generated by org.testng.reporters.JUnitXMLReporter -->
<testsuite ignored="0" hostname="DESKTOP-ADSAJKA" failures="0" tests="15" name="Default test" time="0.235" errors="0" timestamp="2024-11-14T18:12:41 PKT">
  <testcase classname="test.BookTest" name="testGetAuthor" time="0.031"/>
  <testcase classname="test.BookTest" name="testGetAuthor" time="0.003"/>
  <testcase classname="test.BookTest" name="testGetAuthor" time="0.002"/>
  <testcase classname="test.BookTest" name="testGetBookId" time="0.003"/>
  <testcase classname="test.BookTest" name="testGetBookId" time="0.01"/>
  <testcase classname="test.BookTest" name="testGetBookId" time="0.003"/>
  <testcase classname="test.BookTest" name="testGetTitle" time="0.003"/>
  <testcase classname="test.BookTest" name="testGetTitle" time="0.001"/>
  <testcase classname="test.BookTest" name="testGetTitle" time="0.002"/>
  <testcase classname="test.BookTest" name="testIsAvailable" time="0.011"/>
  <testcase classname="test.BookTest" name="testIsAvailable" time="0.003"/>
  <testcase classname="test.BookTest" name="testIsAvailable" time="0.003"/>
  <testcase classname="test.BookTest" name="testSetAvailable" time="0.01"/>
  <testcase classname="test.BookTest" name="testSetAvailable" time="0.003"/>
  <testcase classname="test.BookTest" name="testSetAvailable" time="0.005"/>
</testsuite> <!-- Default test -->
