<?xml version="1.0" encoding="UTF-8"?>
<!-- Generated by org.testng.reporters.JUnitXMLReporter -->
<testsuite ignored="0" hostname="DESKTOP-ADSAJKA" failures="0" tests="68" name="Test" time="2.385" errors="0" timestamp="2024-11-18T05:44:42 PKT">
  <testcase classname="test.BookTestExcel" name="testAddNewBook" time="0.033"/>
  <testcase classname="test.BookTestExcel" name="testAddNewBook" time="0.009"/>
  <testcase classname="test.BookTestExcel" name="testAddNewBook" time="0.005"/>
  <testcase classname="test.BookTestExcel" name="testAddNewBook" time="0.003"/>
  <testcase classname="test.BookTestExcel" name="testAddNewBook" time="0.006"/>
  <testcase classname="test.BookTestExcel" name="testAddNewBook" time="0.003"/>
  <testcase classname="test.BookTestExcel" name="testAddNewBook" time="0.007"/>
  <testcase classname="test.BookTestExcel" name="testAddNewBook" time="0.002"/>
  <testcase classname="test.BookTestExcel" name="testAddNewBook" time="0.006"/>
  <testcase classname="test.BookTestExcel" name="testAddNewBook" time="0.004"/>
  <testcase classname="test.BookTest" name="testGetAuthor" time="0.008"/>
  <testcase classname="test.BookTest" name="testGetAuthor" time="0.004"/>
  <testcase classname="test.BookTest" name="testGetAuthor" time="0.003"/>
  <testcase classname="test.BookTest" name="testGetBookId" time="0.007"/>
  <testcase classname="test.BookTest" name="testGetBookId" time="0.004"/>
  <testcase classname="test.BookTest" name="testGetBookId" time="0.004"/>
  <testcase classname="test.BookTest" name="testGetTitle" time="0.002"/>
  <testcase classname="test.BookTest" name="testGetTitle" time="0.002"/>
  <testcase classname="test.BookTest" name="testGetTitle" time="0.002"/>
  <testcase classname="test.BookTest" name="testIsAvailable" time="0.012"/>
  <testcase classname="test.BookTest" name="testIsAvailable" time="0.004"/>
  <testcase classname="test.BookTest" name="testIsAvailable" time="0.002"/>
  <testcase classname="test.BookTest" name="testSetAvailable" time="0.001"/>
  <testcase classname="test.BookTest" name="testSetAvailable" time="0.001"/>
  <testcase classname="test.BookTest" name="testSetAvailable" time="0.002"/>
  <testcase classname="test.LibraryTestExcel" name="testAddBookAndMember" time="0.011"/>
  <testcase classname="test.LibraryTestExcel" name="testAddBookAndMember" time="0.002"/>
  <testcase classname="test.LibraryTestExcel" name="testAddBookAndMember" time="0.003"/>
  <testcase classname="test.LibraryTestExcel" name="testAddBookAndMember" time="0.002"/>
  <testcase classname="test.LibraryTestExcel" name="testAddBookAndMember" time="0.004"/>
  <testcase classname="test.LibraryManagementSystemTest" name="testAddNewBook" time="0.008"/>
  <testcase classname="test.LibraryManagementSystemTest" name="testAddNewBook" time="0.003"/>
  <testcase classname="test.LibraryManagementSystemTest" name="testAddNewBook" time="0.001"/>
  <testcase classname="test.LibraryManagementSystemTest" name="testAddNewMember" time="0.007"/>
  <testcase classname="test.LibraryManagementSystemTest" name="testAddNewMember" time="0.006"/>
  <testcase classname="test.LibraryManagementSystemTest" name="testAddNewMember" time="0.004"/>
  <testcase classname="test.LibraryManagementSystemTest" name="testCheckBookAvailability" time="0.006"/>
  <testcase classname="test.LibraryManagementSystemTest" name="testCheckBookAvailability" time="0.001"/>
  <testcase classname="test.LibraryManagementSystemTest" name="testCheckBookAvailability" time="0.002"/>
  <testcase classname="test.LibraryTest" name="testAddBook" time="0.002"/>
  <testcase classname="test.LibraryTest" name="testAddBook" time="0.002"/>
  <testcase classname="test.LibraryTest" name="testAddBook" time="0.003"/>
  <testcase classname="test.LibraryTest" name="testAddMember" time="0.003"/>
  <testcase classname="test.LibraryTest" name="testAddMember" time="0.001"/>
  <testcase classname="test.LibraryTest" name="testAddMember" time="0.001"/>
  <testcase classname="test.LibraryTest" name="testIsBookAvailable" time="0.003"/>
  <testcase classname="test.LibraryTest" name="testIsBookAvailable" time="0.001"/>
  <testcase classname="test.LibraryTest" name="testIsBookAvailable" time="0.001"/>
  <testcase classname="test.LibraryTest" name="testIsBookAvailable" time="0.001"/>
  <testcase classname="test.LibraryTest" name="testListBooks" time="0.002"/>
  <testcase classname="test.LibraryTest" name="testListBooks" time="0.001"/>
  <testcase classname="test.LibraryTest" name="testListMembers" time="0.002"/>
  <testcase classname="test.LibraryTest" name="testListMembers" time="0.001"/>
  <testcase classname="test.MemberTest" name="testBorrowBook" time="0.009"/>
  <testcase classname="test.MemberTest" name="testBorrowBook" time="0.002"/>
  <testcase classname="test.MemberTest" name="testBorrowBook" time="0.001"/>
  <testcase classname="test.MemberTest" name="testGetDetails" time="0.007"/>
  <testcase classname="test.MemberTest" name="testGetDetails" time="0.001"/>
  <testcase classname="test.MemberTest" name="testGetDetails" time="0.001"/>
  <testcase classname="test.MemberTest" name="testGetMemberId" time="0.012"/>
  <testcase classname="test.MemberTest" name="testGetMemberId" time="0.012"/>
  <testcase classname="test.MemberTest" name="testGetMemberId" time="0.001"/>
  <testcase classname="test.MemberTest" name="testGetName" time="0.003"/>
  <testcase classname="test.MemberTest" name="testGetName" time="0.002"/>
  <testcase classname="test.MemberTest" name="testGetName" time="0.001"/>
  <testcase classname="test.MemberTest" name="testReturnBook" time="0.002"/>
  <testcase classname="test.MemberTest" name="testReturnBook" time="0.001"/>
  <testcase classname="test.MemberTest" name="testReturnBook" time="0.001"/>
</testsuite> <!-- Test -->
