<?xml version="1.0" encoding="UTF-8"?>
<testng-results ignored="0" total="5" passed="5" failed="0" skipped="0">
  <reporter-output>
  </reporter-output>
  <suite started-at="2024-11-15T00:28:54 PKT" name="Default suite" finished-at="2024-11-15T00:28:56 PKT" duration-ms="2563">
    <groups>
    </groups>
    <test started-at="2024-11-15T00:28:54 PKT" name="Default test" finished-at="2024-11-15T00:28:56 PKT" duration-ms="2563">
      <class name="test.LibraryTestExcel">
        <test-method signature="testAddBookAndMember(java.lang.String,java.lang.String,java.lang.String,boolean,java.lang.String,java.lang.String)[pri:0, instance:test.LibraryTestExcel@2c1b194a]" started-at="2024-11-15T00:28:56 PKT" name="testAddBookAndMember" data-provider="LibraryExcel" finished-at="2024-11-15T00:28:56 PKT" duration-ms="40" status="PASS">
          <params>
            <param index="0">
              <value>
                <![CDATA[8001]]>
              </value>
            </param>
            <param index="1">
              <value>
                <![CDATA[The Great Gatsby]]>
              </value>
            </param>
            <param index="2">
              <value>
                <![CDATA[F. Scott Fitzgerald]]>
              </value>
            </param>
            <param index="3">
              <value>
                <![CDATA[true]]>
              </value>
            </param>
            <param index="4">
              <value>
                <![CDATA[MOO!]]>
              </value>
            </param>
            <param index="5">
              <value>
                <![CDATA[John Doe]]>
              </value>
            </param>
          </params>
          <reporter-output>
          </reporter-output>
        </test-method> <!-- testAddBookAndMember -->
        <test-method signature="testAddBookAndMember(java.lang.String,java.lang.String,java.lang.String,boolean,java.lang.String,java.lang.String)[pri:0, instance:test.LibraryTestExcel@2c1b194a]" started-at="2024-11-15T00:28:56 PKT" name="testAddBookAndMember" data-provider="LibraryExcel" finished-at="2024-11-15T00:28:56 PKT" duration-ms="6" status="PASS">
          <params>
            <param index="0">
              <value>
                <![CDATA[8002]]>
              </value>
            </param>
            <param index="1">
              <value>
                <![CDATA[To Kill a Mockingbird]]>
              </value>
            </param>
            <param index="2">
              <value>
                <![CDATA[Harper Lee]]>
              </value>
            </param>
            <param index="3">
              <value>
                <![CDATA[false]]>
              </value>
            </param>
            <param index="4">
              <value>
                <![CDATA[M002]]>
              </value>
            </param>
            <param index="5">
              <value>
                <![CDATA[Jane Smith]]>
              </value>
            </param>
          </params>
          <reporter-output>
          </reporter-output>
        </test-method> <!-- testAddBookAndMember -->
        <test-method signature="testAddBookAndMember(java.lang.String,java.lang.String,java.lang.String,boolean,java.lang.String,java.lang.String)[pri:0, instance:test.LibraryTestExcel@2c1b194a]" started-at="2024-11-15T00:28:56 PKT" name="testAddBookAndMember" data-provider="LibraryExcel" finished-at="2024-11-15T00:28:56 PKT" duration-ms="7" status="PASS">
          <params>
            <param index="0">
              <value>
                <![CDATA[8003]]>
              </value>
            </param>
            <param index="1">
              <value>
                <![CDATA[1984]]>
              </value>
            </param>
            <param index="2">
              <value>
                <![CDATA[George Orwell]]>
              </value>
            </param>
            <param index="3">
              <value>
                <![CDATA[true]]>
              </value>
            </param>
            <param index="4">
              <value>
                <![CDATA[M003]]>
              </value>
            </param>
            <param index="5">
              <value>
                <![CDATA[Alice Brown]]>
              </value>
            </param>
          </params>
          <reporter-output>
          </reporter-output>
        </test-method> <!-- testAddBookAndMember -->
        <test-method signature="testAddBookAndMember(java.lang.String,java.lang.String,java.lang.String,boolean,java.lang.String,java.lang.String)[pri:0, instance:test.LibraryTestExcel@2c1b194a]" started-at="2024-11-15T00:28:56 PKT" name="testAddBookAndMember" data-provider="LibraryExcel" finished-at="2024-11-15T00:28:56 PKT" duration-ms="8" status="PASS">
          <params>
            <param index="0">
              <value>
                <![CDATA[8004]]>
              </value>
            </param>
            <param index="1">
              <value>
                <![CDATA[Pride and Prejudice]]>
              </value>
            </param>
            <param index="2">
              <value>
                <![CDATA[Jane Austen]]>
              </value>
            </param>
            <param index="3">
              <value>
                <![CDATA[true]]>
              </value>
            </param>
            <param index="4">
              <value>
                <![CDATA[M004]]>
              </value>
            </param>
            <param index="5">
              <value>
                <![CDATA[Bob White]]>
              </value>
            </param>
          </params>
          <reporter-output>
          </reporter-output>
        </test-method> <!-- testAddBookAndMember -->
        <test-method signature="testAddBookAndMember(java.lang.String,java.lang.String,java.lang.String,boolean,java.lang.String,java.lang.String)[pri:0, instance:test.LibraryTestExcel@2c1b194a]" started-at="2024-11-15T00:28:56 PKT" name="testAddBookAndMember" data-provider="LibraryExcel" finished-at="2024-11-15T00:28:56 PKT" duration-ms="14" status="PASS">
          <params>
            <param index="0">
              <value>
                <![CDATA[8005]]>
              </value>
            </param>
            <param index="1">
              <value>
                <![CDATA[The catcher in the Rye]]>
              </value>
            </param>
            <param index="2">
              <value>
                <![CDATA[J.D. Salinger]]>
              </value>
            </param>
            <param index="3">
              <value>
                <![CDATA[false]]>
              </value>
            </param>
            <param index="4">
              <value>
                <![CDATA[MOOS]]>
              </value>
            </param>
            <param index="5">
              <value>
                <![CDATA[carol Black]]>
              </value>
            </param>
          </params>
          <reporter-output>
          </reporter-output>
        </test-method> <!-- testAddBookAndMember -->
      </class> <!-- test.LibraryTestExcel -->
    </test> <!-- Default test -->
  </suite> <!-- Default suite -->
</testng-results>
