<?xml version="1.0" encoding="UTF-8"?>
<testng-results ignored="0" total="9" passed="9" failed="0" skipped="0">
  <reporter-output>
  </reporter-output>
  <suite started-at="2024-11-13T04:28:03 PKT" name="Default suite" finished-at="2024-11-13T04:28:03 PKT" duration-ms="161">
    <groups>
    </groups>
    <test started-at="2024-11-13T04:28:03 PKT" name="Default test" finished-at="2024-11-13T04:28:03 PKT" duration-ms="161">
      <class name="test.LibraryManagementSystemTest">
        <test-method signature="testAddNewBook(java.lang.String,java.lang.String,java.lang.String,boolean)[pri:0, instance:test.LibraryManagementSystemTest@6283d8b8]" started-at="2024-11-13T04:28:03 PKT" name="testAddNewBook" data-provider="newBookData" finished-at="2024-11-13T04:28:03 PKT" duration-ms="33" status="PASS">
          <params>
            <param index="0">
              <value>
                <![CDATA[B001]]>
              </value>
            </param>
            <param index="1">
              <value>
                <![CDATA[City of Hearts]]>
              </value>
            </param>
            <param index="2">
              <value>
                <![CDATA[Ahmed Faraz]]>
              </value>
            </param>
            <param index="3">
              <value>
                <![CDATA[true]]>
              </value>
            </param>
          </params>
          <reporter-output>
          </reporter-output>
        </test-method> <!-- testAddNewBook -->
        <test-method signature="testAddNewBook(java.lang.String,java.lang.String,java.lang.String,boolean)[pri:0, instance:test.LibraryManagementSystemTest@6283d8b8]" started-at="2024-11-13T04:28:03 PKT" name="testAddNewBook" data-provider="newBookData" finished-at="2024-11-13T04:28:03 PKT" duration-ms="3" status="PASS">
          <params>
            <param index="0">
              <value>
                <![CDATA[B002]]>
              </value>
            </param>
            <param index="1">
              <value>
                <![CDATA[Dreams of the World]]>
              </value>
            </param>
            <param index="2">
              <value>
                <![CDATA[Mahmood Khan]]>
              </value>
            </param>
            <param index="3">
              <value>
                <![CDATA[false]]>
              </value>
            </param>
          </params>
          <reporter-output>
          </reporter-output>
        </test-method> <!-- testAddNewBook -->
        <test-method signature="testAddNewBook(java.lang.String,java.lang.String,java.lang.String,boolean)[pri:0, instance:test.LibraryManagementSystemTest@6283d8b8]" started-at="2024-11-13T04:28:03 PKT" name="testAddNewBook" data-provider="newBookData" finished-at="2024-11-13T04:28:03 PKT" duration-ms="3" status="PASS">
          <params>
            <param index="0">
              <value>
                <![CDATA[B003]]>
              </value>
            </param>
            <param index="1">
              <value>
                <![CDATA[The World Beyond]]>
              </value>
            </param>
            <param index="2">
              <value>
                <![CDATA[Ayesha Ali]]>
              </value>
            </param>
            <param index="3">
              <value>
                <![CDATA[true]]>
              </value>
            </param>
          </params>
          <reporter-output>
          </reporter-output>
        </test-method> <!-- testAddNewBook -->
        <test-method signature="testAddNewMember(java.lang.String,java.lang.String)[pri:0, instance:test.LibraryManagementSystemTest@6283d8b8]" started-at="2024-11-13T04:28:03 PKT" name="testAddNewMember" data-provider="newMemberData" finished-at="2024-11-13T04:28:03 PKT" duration-ms="5" status="PASS">
          <params>
            <param index="0">
              <value>
                <![CDATA[M001]]>
              </value>
            </param>
            <param index="1">
              <value>
                <![CDATA[Ali Ahmed]]>
              </value>
            </param>
          </params>
          <reporter-output>
          </reporter-output>
        </test-method> <!-- testAddNewMember -->
        <test-method signature="testAddNewMember(java.lang.String,java.lang.String)[pri:0, instance:test.LibraryManagementSystemTest@6283d8b8]" started-at="2024-11-13T04:28:03 PKT" name="testAddNewMember" data-provider="newMemberData" finished-at="2024-11-13T04:28:03 PKT" duration-ms="2" status="PASS">
          <params>
            <param index="0">
              <value>
                <![CDATA[M002]]>
              </value>
            </param>
            <param index="1">
              <value>
                <![CDATA[Sara Ali]]>
              </value>
            </param>
          </params>
          <reporter-output>
          </reporter-output>
        </test-method> <!-- testAddNewMember -->
        <test-method signature="testAddNewMember(java.lang.String,java.lang.String)[pri:0, instance:test.LibraryManagementSystemTest@6283d8b8]" started-at="2024-11-13T04:28:03 PKT" name="testAddNewMember" data-provider="newMemberData" finished-at="2024-11-13T04:28:03 PKT" duration-ms="2" status="PASS">
          <params>
            <param index="0">
              <value>
                <![CDATA[M003]]>
              </value>
            </param>
            <param index="1">
              <value>
                <![CDATA[Aslam Raza]]>
              </value>
            </param>
          </params>
          <reporter-output>
          </reporter-output>
        </test-method> <!-- testAddNewMember -->
        <test-method signature="testCheckBookAvailability(java.lang.String,boolean)[pri:0, instance:test.LibraryManagementSystemTest@6283d8b8]" started-at="2024-11-13T04:28:03 PKT" name="testCheckBookAvailability" data-provider="checkBookAvailabilityData" finished-at="2024-11-13T04:28:03 PKT" duration-ms="8" status="PASS">
          <params>
            <param index="0">
              <value>
                <![CDATA[B001]]>
              </value>
            </param>
            <param index="1">
              <value>
                <![CDATA[true]]>
              </value>
            </param>
          </params>
          <reporter-output>
          </reporter-output>
        </test-method> <!-- testCheckBookAvailability -->
        <test-method signature="testCheckBookAvailability(java.lang.String,boolean)[pri:0, instance:test.LibraryManagementSystemTest@6283d8b8]" started-at="2024-11-13T04:28:03 PKT" name="testCheckBookAvailability" data-provider="checkBookAvailabilityData" finished-at="2024-11-13T04:28:03 PKT" duration-ms="2" status="PASS">
          <params>
            <param index="0">
              <value>
                <![CDATA[B002]]>
              </value>
            </param>
            <param index="1">
              <value>
                <![CDATA[false]]>
              </value>
            </param>
          </params>
          <reporter-output>
          </reporter-output>
        </test-method> <!-- testCheckBookAvailability -->
        <test-method signature="testCheckBookAvailability(java.lang.String,boolean)[pri:0, instance:test.LibraryManagementSystemTest@6283d8b8]" started-at="2024-11-13T04:28:03 PKT" name="testCheckBookAvailability" data-provider="checkBookAvailabilityData" finished-at="2024-11-13T04:28:03 PKT" duration-ms="2" status="PASS">
          <params>
            <param index="0">
              <value>
                <![CDATA[B003]]>
              </value>
            </param>
            <param index="1">
              <value>
                <![CDATA[true]]>
              </value>
            </param>
          </params>
          <reporter-output>
          </reporter-output>
        </test-method> <!-- testCheckBookAvailability -->
      </class> <!-- test.LibraryManagementSystemTest -->
    </test> <!-- Default test -->
  </suite> <!-- Default suite -->
</testng-results>
